<?xml version="1.0" encoding="UTF-8"?>
<!-- Generated by org.testng.reporters.JUnitXMLReporter -->
<testsuite hostname="vikram" name="Share Your Space" tests="3" failures="0" timestamp="18 Jul 2017 05:54:04 GMT" time="0.562" errors="0">
  <testcase name="@BeforeTest HomePage" time="0.0" classname="testcases.ShareYorSpace">
    <failure type="java.lang.IllegalStateException" message="The driver executable does not exist: D:\Selenium\chromedriver_win32\chromedriver.exe">
      <![CDATA[java.lang.IllegalStateException: The driver executable does not exist: D:\Selenium\chromedriver_win32\chromedriver.exe
	at com.google.common.base.Preconditions.checkState(Preconditions.java:518)
	at org.openqa.selenium.remote.service.DriverService.checkExecutable(DriverService.java:136)
	at org.openqa.selenium.remote.service.DriverService.findExecutable(DriverService.java:131)
	at org.openqa.selenium.chrome.ChromeDriverService.access$000(ChromeDriverService.java:32)
	at org.openqa.selenium.chrome.ChromeDriverService$Builder.findDefaultExecutable(ChromeDriverService.java:137)
	at org.openqa.selenium.remote.service.DriverService$Builder.build(DriverService.java:330)
	at org.openqa.selenium.chrome.ChromeDriverService.createDefaultService(ChromeDriverService.java:88)
	at org.openqa.selenium.chrome.ChromeDriver.<init>(ChromeDriver.java:124)
	at testcases.ShareYorSpace.HomePage(ShareYorSpace.java:36)
	at java.util.concurrent.FutureTask.run(Unknown Source)
	at java.util.concurrent.ThreadPoolExecutor.runWorker(Unknown Source)
	at java.util.concurrent.ThreadPoolExecutor$Worker.run(Unknown Source)
	at java.lang.Thread.run(Unknown Source)
... Removed 14 stack frames]]>
    </failure>
  </testcase> <!-- @BeforeTest HomePage -->
  <testcase name="@AfterTest BrowserClose" time="0.0" classname="testcases.ShareYorSpace">
    <skipped/>
  </testcase> <!-- @AfterTest BrowserClose -->
  <testcase name="HostSignIn" time="0.003" classname="testcases.ShareYorSpace">
    <skipped/>
  </testcase> <!-- HostSignIn -->
  <testcase name="PropertyListing" time="0.005" classname="testcases.ShareYorSpace">
    <skipped/>
  </testcase> <!-- PropertyListing -->
  <testcase name="ListingStatus" time="0.057" classname="testcases.ShareYorSpace">
    <skipped/>
  </testcase> <!-- ListingStatus -->
</testsuite> <!-- Share Your Space -->
